# JRE version: Java(TM) SE Runtime Environment (8.0_351-b10) (build 1.8.0_351-b10)
# Java VM: Java HotSpot(TM) 64-Bit Server VM (25.351-b10 mixed mode windows-amd64 compressed oops)
Heap:
 PSYoungGen      total 109056K, used 100586K [0x000000076b700000, 0x0000000774780000, 0x00000007c0000000)
  eden space 101888K, 91% used [0x000000076b700000,0x0000000771279e60,0x0000000771a80000)
  from space 7168K, 96% used [0x0000000774080000,0x0000000774740ba0,0x0000000774780000)
  to   space 10752K, 0% used [0x0000000773280000,0x0000000773280000,0x0000000773d00000)
 ParOldGen       total 103936K, used 9608K [0x00000006c2400000, 0x00000006c8980000, 0x000000076b700000)
  object space 103936K, 9% used [0x00000006c2400000,0x00000006c2d62018,0x00000006c8980000)
 Metaspace       used 31340K, capacity 33444K, committed 33536K, reserved 1077248K
  class space    used 4660K, capacity 5104K, committed 5120K, reserved 1048576K
GC Heap History (10 events):
Event: 0.919 GC heap before
{Heap before GC invocations=1 (full 0):
 PSYoungGen      total 75776K, used 65024K [0x000000076b700000, 0x0000000770b80000, 0x00000007c0000000)
  eden space 65024K, 100% used [0x000000076b700000,0x000000076f680000,0x000000076f680000)
  from space 10752K, 0% used [0x0000000770100000,0x0000000770100000,0x0000000770b80000)
  to   space 10752K, 0% used [0x000000076f680000,0x000000076f680000,0x0000000770100000)
 ParOldGen       total 173568K, used 0K [0x00000006c2400000, 0x00000006ccd80000, 0x000000076b700000)
  object space 173568K, 0% used [0x00000006c2400000,0x00000006c2400000,0x00000006ccd80000)
 Metaspace       used 14829K, capacity 15524K, committed 15744K, reserved 1062912K
  class space    used 1923K, capacity 2072K, committed 2176K, reserved 1048576K
Event: 0.924 GC heap after
Heap after GC invocations=1 (full 0):
 PSYoungGen      total 75776K, used 8781K [0x000000076b700000, 0x0000000770b80000, 0x00000007c0000000)
  eden space 65024K, 0% used [0x000000076b700000,0x000000076b700000,0x000000076f680000)
  from space 10752K, 81% used [0x000000076f680000,0x000000076ff13418,0x0000000770100000)
  to   space 10752K, 0% used [0x0000000770100000,0x0000000770100000,0x0000000770b80000)
 ParOldGen       total 173568K, used 16K [0x00000006c2400000, 0x00000006ccd80000, 0x000000076b700000)
  object space 173568K, 0% used [0x00000006c2400000,0x00000006c2404000,0x00000006ccd80000)
 Metaspace       used 14829K, capacity 15524K, committed 15744K, reserved 1062912K
  class space    used 1923K, capacity 2072K, committed 2176K, reserved 1048576K
}
Event: 1.148 GC heap before
{Heap before GC invocations=2 (full 0):
 PSYoungGen      total 75776K, used 73805K [0x000000076b700000, 0x0000000770b80000, 0x00000007c0000000)
  eden space 65024K, 100% used [0x000000076b700000,0x000000076f680000,0x000000076f680000)
  from space 10752K, 81% used [0x000000076f680000,0x000000076ff13418,0x0000000770100000)
  to   space 10752K, 0% used [0x0000000770100000,0x0000000770100000,0x0000000770b80000)
 ParOldGen       total 173568K, used 16K [0x00000006c2400000, 0x00000006ccd80000, 0x000000076b700000)
  object space 173568K, 0% used [0x00000006c2400000,0x00000006c2404000,0x00000006ccd80000)
 Metaspace       used 19454K, capacity 20364K, committed 20480K, reserved 1067008K
  class space    used 2539K, capacity 2766K, committed 2816K, reserved 1048576K
Event: 1.154 GC heap after
Heap after GC invocations=2 (full 0):
 PSYoungGen      total 75776K, used 10720K [0x000000076b700000, 0x0000000774b00000, 0x00000007c0000000)
  eden space 65024K, 0% used [0x000000076b700000,0x000000076b700000,0x000000076f680000)
  from space 10752K, 99% used [0x0000000770100000,0x0000000770b78290,0x0000000770b80000)
  to   space 10752K, 0% used [0x000000076f680000,0x000000076f680000,0x0000000770100000)
 ParOldGen       total 173568K, used 1540K [0x00000006c2400000, 0x00000006ccd80000, 0x000000076b700000)
  object space 173568K, 0% used [0x00000006c2400000,0x00000006c2581138,0x00000006ccd80000)
 Metaspace       used 19454K, capacity 20364K, committed 20480K, reserved 1067008K
  class space    used 2539K, capacity 2766K, committed 2816K, reserved 1048576K
}
Event: 1.278 GC heap before
{Heap before GC invocations=3 (full 0):
 PSYoungGen      total 75776K, used 56230K [0x000000076b700000, 0x0000000774b00000, 0x00000007c0000000)
  eden space 65024K, 69% used [0x000000076b700000,0x000000076e3715a8,0x000000076f680000)
  from space 10752K, 99% used [0x0000000770100000,0x0000000770b78290,0x0000000770b80000)
  to   space 10752K, 0% used [0x000000076f680000,0x000000076f680000,0x0000000770100000)
 ParOldGen       total 173568K, used 1540K [0x00000006c2400000, 0x00000006ccd80000, 0x000000076b700000)
  object space 173568K, 0% used [0x00000006c2400000,0x00000006c2581138,0x00000006ccd80000)
 Metaspace       used 20324K, capacity 21250K, committed 21296K, reserved 1067008K
  class space    used 2683K, capacity 2901K, committed 2944K, reserved 1048576K
Event: 1.282 GC heap after
Heap after GC invocations=3 (full 0):
 PSYoungGen      total 75776K, used 9933K [0x000000076b700000, 0x0000000774b00000, 0x00000007c0000000)
  eden space 65024K, 0% used [0x000000076b700000,0x000000076b700000,0x000000076f680000)
  from space 10752K, 92% used [0x000000076f680000,0x0000000770033418,0x0000000770100000)
  to   space 10752K, 0% used [0x0000000774080000,0x0000000774080000,0x0000000774b00000)
 ParOldGen       total 173568K, used 1556K [0x00000006c2400000, 0x00000006ccd80000, 0x000000076b700000)
  object space 173568K, 0% used [0x00000006c2400000,0x00000006c2585138,0x00000006ccd80000)
 Metaspace       used 20324K, capacity 21250K, committed 21296K, reserved 1067008K
  class space    used 2683K, capacity 2901K, committed 2944K, reserved 1048576K
}
Event: 1.282 GC heap before
{Heap before GC invocations=4 (full 1):
 PSYoungGen      total 75776K, used 9933K [0x000000076b700000, 0x0000000774b00000, 0x00000007c0000000)
  eden space 65024K, 0% used [0x000000076b700000,0x000000076b700000,0x000000076f680000)
  from space 10752K, 92% used [0x000000076f680000,0x0000000770033418,0x0000000770100000)
  to   space 10752K, 0% used [0x0000000774080000,0x0000000774080000,0x0000000774b00000)
 ParOldGen       total 173568K, used 1556K [0x00000006c2400000, 0x00000006ccd80000, 0x000000076b700000)
  object space 173568K, 0% used [0x00000006c2400000,0x00000006c2585138,0x00000006ccd80000)
 Metaspace       used 20324K, capacity 21250K, committed 21296K, reserved 1067008K
  class space    used 2683K, capacity 2901K, committed 2944K, reserved 1048576K
Event: 1.300 GC heap after
Heap after GC invocations=4 (full 1):
 PSYoungGen      total 75776K, used 0K [0x000000076b700000, 0x0000000774b00000, 0x00000007c0000000)
  eden space 65024K, 0% used [0x000000076b700000,0x000000076b700000,0x000000076f680000)
  from space 10752K, 0% used [0x000000076f680000,0x000000076f680000,0x0000000770100000)
  to   space 10752K, 0% used [0x0000000774080000,0x0000000774080000,0x0000000774b00000)
 ParOldGen       total 103936K, used 9600K [0x00000006c2400000, 0x00000006c8980000, 0x000000076b700000)
  object space 103936K, 9% used [0x00000006c2400000,0x00000006c2d60018,0x00000006c8980000)
 Metaspace       used 20324K, capacity 21250K, committed 21296K, reserved 1067008K
  class space    used 2683K, capacity 2901K, committed 2944K, reserved 1048576K
}
Event: 1.565 GC heap before
{Heap before GC invocations=5 (full 1):
 PSYoungGen      total 75776K, used 65024K [0x000000076b700000, 0x0000000774b00000, 0x00000007c0000000)
  eden space 65024K, 100% used [0x000000076b700000,0x000000076f680000,0x000000076f680000)
  from space 10752K, 0% used [0x000000076f680000,0x000000076f680000,0x0000000770100000)
  to   space 10752K, 0% used [0x0000000774080000,0x0000000774080000,0x0000000774b00000)
 ParOldGen       total 103936K, used 9600K [0x00000006c2400000, 0x00000006c8980000, 0x000000076b700000)
  object space 103936K, 9% used [0x00000006c2400000,0x00000006c2d60018,0x00000006c8980000)
 Metaspace       used 24495K, capacity 25712K, committed 25856K, reserved 1071104K
  class space    used 3321K, capacity 3578K, committed 3584K, reserved 1048576K
Event: 1.569 GC heap after
Heap after GC invocations=5 (full 1):
 PSYoungGen      total 109056K, used 6914K [0x000000076b700000, 0x0000000774780000, 0x00000007c0000000)
  eden space 101888K, 0% used [0x000000076b700000,0x000000076b700000,0x0000000771a80000)
  from space 7168K, 96% used [0x0000000774080000,0x0000000774740ba0,0x0000000774780000)
  to   space 10752K, 0% used [0x0000000773280000,0x0000000773280000,0x0000000773d00000)
 ParOldGen       total 103936K, used 9608K [0x00000006c2400000, 0x00000006c8980000, 0x000000076b700000)
  object space 103936K, 9% used [0x00000006c2400000,0x00000006c2d62018,0x00000006c8980000)
 Metaspace       used 24495K, capacity 25712K, committed 25856K, reserved 1071104K
  class space    used 3321K, capacity 3578K, committed 3584K, reserved 1048576K
}

