# JRE version: Java(TM) SE Runtime Environment (8.0_351-b10) (build 1.8.0_351-b10)
# Java VM: Java HotSpot(TM) 64-Bit Server VM (25.351-b10 mixed mode windows-amd64 compressed oops)
Heap:
 PSYoungGen      total 188928K, used 158189K [0x000000076b700000, 0x000000077a800000, 0x00000007c0000000)
  eden space 173056K, 91% used [0x000000076b700000,0x000000077517b438,0x0000000776000000)
  from space 15872K, 0% used [0x0000000776e80000,0x0000000776e80000,0x0000000777e00000)
  to   space 14848K, 0% used [0x0000000776000000,0x0000000776000000,0x0000000776e80000)
 ParOldGen       total 133120K, used 15454K [0x00000006c2400000, 0x00000006ca600000, 0x000000076b700000)
  object space 133120K, 11% used [0x00000006c2400000,0x00000006c33179b8,0x00000006ca600000)
 Metaspace       used 45772K, capacity 48886K, committed 49024K, reserved 1091584K
  class space    used 6658K, capacity 7252K, committed 7296K, reserved 1048576K
GC Heap History (10 events):
Event: 1.215 GC heap before
{Heap before GC invocations=4 (full 1):
 PSYoungGen      total 75776K, used 9140K [0x000000076b700000, 0x0000000774b00000, 0x00000007c0000000)
  eden space 65024K, 0% used [0x000000076b700000,0x000000076b700000,0x000000076f680000)
  from space 10752K, 85% used [0x000000076f680000,0x000000076ff6d218,0x0000000770100000)
  to   space 10752K, 0% used [0x0000000774080000,0x0000000774080000,0x0000000774b00000)
 ParOldGen       total 173568K, used 1883K [0x00000006c2400000, 0x00000006ccd80000, 0x000000076b700000)
  object space 173568K, 1% used [0x00000006c2400000,0x00000006c25d6fd8,0x00000006ccd80000)
 Metaspace       used 20333K, capacity 21232K, committed 21296K, reserved 1067008K
  class space    used 2673K, capacity 2884K, committed 2944K, reserved 1048576K
Event: 1.232 GC heap after
Heap after GC invocations=4 (full 1):
 PSYoungGen      total 75776K, used 0K [0x000000076b700000, 0x0000000774b00000, 0x00000007c0000000)
  eden space 65024K, 0% used [0x000000076b700000,0x000000076b700000,0x000000076f680000)
  from space 10752K, 0% used [0x000000076f680000,0x000000076f680000,0x0000000770100000)
  to   space 10752K, 0% used [0x0000000774080000,0x0000000774080000,0x0000000774b00000)
 ParOldGen       total 96768K, used 8790K [0x00000006c2400000, 0x00000006c8280000, 0x000000076b700000)
  object space 96768K, 9% used [0x00000006c2400000,0x00000006c2c95898,0x00000006c8280000)
 Metaspace       used 20333K, capacity 21232K, committed 21296K, reserved 1067008K
  class space    used 2673K, capacity 2884K, committed 2944K, reserved 1048576K
}
Event: 1.452 GC heap before
{Heap before GC invocations=5 (full 1):
 PSYoungGen      total 75776K, used 65024K [0x000000076b700000, 0x0000000774b00000, 0x00000007c0000000)
  eden space 65024K, 100% used [0x000000076b700000,0x000000076f680000,0x000000076f680000)
  from space 10752K, 0% used [0x000000076f680000,0x000000076f680000,0x0000000770100000)
  to   space 10752K, 0% used [0x0000000774080000,0x0000000774080000,0x0000000774b00000)
 ParOldGen       total 96768K, used 8790K [0x00000006c2400000, 0x00000006c8280000, 0x000000076b700000)
  object space 96768K, 9% used [0x00000006c2400000,0x00000006c2c95898,0x00000006c8280000)
 Metaspace       used 22455K, capacity 23456K, committed 23552K, reserved 1069056K
  class space    used 3015K, capacity 3242K, committed 3328K, reserved 1048576K
Event: 1.456 GC heap after
Heap after GC invocations=5 (full 1):
 PSYoungGen      total 113664K, used 5810K [0x000000076b700000, 0x0000000774680000, 0x00000007c0000000)
  eden space 107520K, 0% used [0x000000076b700000,0x000000076b700000,0x0000000772000000)
  from space 6144K, 94% used [0x0000000774080000,0x000000077462c988,0x0000000774680000)
  to   space 10752K, 0% used [0x0000000773180000,0x0000000773180000,0x0000000773c00000)
 ParOldGen       total 96768K, used 8798K [0x00000006c2400000, 0x00000006c8280000, 0x000000076b700000)
  object space 96768K, 9% used [0x00000006c2400000,0x00000006c2c97898,0x00000006c8280000)
 Metaspace       used 22455K, capacity 23456K, committed 23552K, reserved 1069056K
  class space    used 3015K, capacity 3242K, committed 3328K, reserved 1048576K
}
Event: 3.182 GC heap before
{Heap before GC invocations=6 (full 1):
 PSYoungGen      total 113664K, used 113330K [0x000000076b700000, 0x0000000774680000, 0x00000007c0000000)
  eden space 107520K, 100% used [0x000000076b700000,0x0000000772000000,0x0000000772000000)
  from space 6144K, 94% used [0x0000000774080000,0x000000077462c988,0x0000000774680000)
  to   space 10752K, 0% used [0x0000000773180000,0x0000000773180000,0x0000000773c00000)
 ParOldGen       total 96768K, used 8798K [0x00000006c2400000, 0x00000006c8280000, 0x000000076b700000)
  object space 96768K, 9% used [0x00000006c2400000,0x00000006c2c97898,0x00000006c8280000)
 Metaspace       used 31659K, capacity 33718K, committed 34048K, reserved 1079296K
  class space    used 4598K, capacity 5045K, committed 5120K, reserved 1048576K
Event: 3.188 GC heap after
Heap after GC invocations=6 (full 1):
 PSYoungGen      total 136192K, used 10742K [0x000000076b700000, 0x0000000777e00000, 0x00000007c0000000)
  eden space 125440K, 0% used [0x000000076b700000,0x000000076b700000,0x0000000773180000)
  from space 10752K, 99% used [0x0000000773180000,0x0000000773bfd968,0x0000000773c00000)
  to   space 15872K, 0% used [0x0000000776e80000,0x0000000776e80000,0x0000000777e00000)
 ParOldGen       total 96768K, used 11170K [0x00000006c2400000, 0x00000006c8280000, 0x000000076b700000)
  object space 96768K, 11% used [0x00000006c2400000,0x00000006c2ee8888,0x00000006c8280000)
 Metaspace       used 31659K, capacity 33718K, committed 34048K, reserved 1079296K
  class space    used 4598K, capacity 5045K, committed 5120K, reserved 1048576K
}
Event: 3.237 GC heap before
{Heap before GC invocations=7 (full 1):
 PSYoungGen      total 136192K, used 28505K [0x000000076b700000, 0x0000000777e00000, 0x00000007c0000000)
  eden space 125440K, 14% used [0x000000076b700000,0x000000076c858e60,0x0000000773180000)
  from space 10752K, 99% used [0x0000000773180000,0x0000000773bfd968,0x0000000773c00000)
  to   space 15872K, 0% used [0x0000000776e80000,0x0000000776e80000,0x0000000777e00000)
 ParOldGen       total 96768K, used 11170K [0x00000006c2400000, 0x00000006c8280000, 0x000000076b700000)
  object space 96768K, 11% used [0x00000006c2400000,0x00000006c2ee8888,0x00000006c8280000)
 Metaspace       used 33294K, capacity 35410K, committed 35456K, reserved 1079296K
  class space    used 4813K, capacity 5241K, committed 5248K, reserved 1048576K
Event: 3.242 GC heap after
Heap after GC invocations=7 (full 1):
 PSYoungGen      total 188928K, used 9090K [0x000000076b700000, 0x000000077a800000, 0x00000007c0000000)
  eden space 173056K, 0% used [0x000000076b700000,0x000000076b700000,0x0000000776000000)
  from space 15872K, 57% used [0x0000000776e80000,0x0000000777760860,0x0000000777e00000)
  to   space 14848K, 0% used [0x0000000776000000,0x0000000776000000,0x0000000776e80000)
 ParOldGen       total 96768K, used 11178K [0x00000006c2400000, 0x00000006c8280000, 0x000000076b700000)
  object space 96768K, 11% used [0x00000006c2400000,0x00000006c2eea888,0x00000006c8280000)
 Metaspace       used 33294K, capacity 35410K, committed 35456K, reserved 1079296K
  class space    used 4813K, capacity 5241K, committed 5248K, reserved 1048576K
}
Event: 3.242 GC heap before
{Heap before GC invocations=8 (full 2):
 PSYoungGen      total 188928K, used 9090K [0x000000076b700000, 0x000000077a800000, 0x00000007c0000000)
  eden space 173056K, 0% used [0x000000076b700000,0x000000076b700000,0x0000000776000000)
  from space 15872K, 57% used [0x0000000776e80000,0x0000000777760860,0x0000000777e00000)
  to   space 14848K, 0% used [0x0000000776000000,0x0000000776000000,0x0000000776e80000)
 ParOldGen       total 96768K, used 11178K [0x00000006c2400000, 0x00000006c8280000, 0x000000076b700000)
  object space 96768K, 11% used [0x00000006c2400000,0x00000006c2eea888,0x00000006c8280000)
 Metaspace       used 33294K, capacity 35410K, committed 35456K, reserved 1079296K
  class space    used 4813K, capacity 5241K, committed 5248K, reserved 1048576K
Event: 3.291 GC heap after
Heap after GC invocations=8 (full 2):
 PSYoungGen      total 188928K, used 0K [0x000000076b700000, 0x000000077a800000, 0x00000007c0000000)
  eden space 173056K, 0% used [0x000000076b700000,0x000000076b700000,0x0000000776000000)
  from space 15872K, 0% used [0x0000000776e80000,0x0000000776e80000,0x0000000777e00000)
  to   space 14848K, 0% used [0x0000000776000000,0x0000000776000000,0x0000000776e80000)
 ParOldGen       total 133120K, used 15454K [0x00000006c2400000, 0x00000006ca600000, 0x000000076b700000)
  object space 133120K, 11% used [0x00000006c2400000,0x00000006c33179b8,0x00000006ca600000)
 Metaspace       used 33294K, capacity 35410K, committed 35456K, reserved 1079296K
  class space    used 4813K, capacity 5241K, committed 5248K, reserved 1048576K
}

