# JRE version: Java(TM) SE Runtime Environment (8.0_351-b10) (build 1.8.0_351-b10)
# Java VM: Java HotSpot(TM) 64-Bit Server VM (25.351-b10 mixed mode windows-amd64 compressed oops)
Heap:
 PSYoungGen      total 188928K, used 25703K [0x000000076b700000, 0x0000000780780000, 0x00000007c0000000)
  eden space 173568K, 5% used [0x000000076b700000,0x000000076c1200b0,0x0000000776080000)
  from space 15360K, 99% used [0x0000000776080000,0x0000000776f79b68,0x0000000776f80000)
  to   space 18432K, 0% used [0x000000077f580000,0x000000077f580000,0x0000000780780000)
 ParOldGen       total 120320K, used 15841K [0x00000006c2400000, 0x00000006c9980000, 0x000000076b700000)
  object space 120320K, 13% used [0x00000006c2400000,0x00000006c3378548,0x00000006c9980000)
 Metaspace       used 46840K, capacity 49928K, committed 50088K, reserved 1091584K
  class space    used 6763K, capacity 7319K, committed 7336K, reserved 1048576K
GC Heap History (10 events):
Event: 1.415 GC heap before
{Heap before GC invocations=5 (full 1):
 PSYoungGen      total 75776K, used 65024K [0x000000076b700000, 0x0000000774b00000, 0x00000007c0000000)
  eden space 65024K, 100% used [0x000000076b700000,0x000000076f680000,0x000000076f680000)
  from space 10752K, 0% used [0x000000076f680000,0x000000076f680000,0x0000000770100000)
  to   space 10752K, 0% used [0x0000000774080000,0x0000000774080000,0x0000000774b00000)
 ParOldGen       total 97280K, used 8821K [0x00000006c2400000, 0x00000006c8300000, 0x000000076b700000)
  object space 97280K, 9% used [0x00000006c2400000,0x00000006c2c9d4d0,0x00000006c8300000)
 Metaspace       used 22725K, capacity 23808K, committed 24064K, reserved 1071104K
  class space    used 3062K, capacity 3298K, committed 3328K, reserved 1048576K
Event: 1.418 GC heap after
Heap after GC invocations=5 (full 1):
 PSYoungGen      total 113152K, used 5722K [0x000000076b700000, 0x0000000774680000, 0x00000007c0000000)
  eden space 107008K, 0% used [0x000000076b700000,0x000000076b700000,0x0000000771f80000)
  from space 6144K, 93% used [0x0000000774080000,0x0000000774616a78,0x0000000774680000)
  to   space 10752K, 0% used [0x0000000773180000,0x0000000773180000,0x0000000773c00000)
 ParOldGen       total 97280K, used 8829K [0x00000006c2400000, 0x00000006c8300000, 0x000000076b700000)
  object space 97280K, 9% used [0x00000006c2400000,0x00000006c2c9f4d0,0x00000006c8300000)
 Metaspace       used 22725K, capacity 23808K, committed 24064K, reserved 1071104K
  class space    used 3062K, capacity 3298K, committed 3328K, reserved 1048576K
}
Event: 1.917 GC heap before
{Heap before GC invocations=6 (full 1):
 PSYoungGen      total 113152K, used 112730K [0x000000076b700000, 0x0000000774680000, 0x00000007c0000000)
  eden space 107008K, 100% used [0x000000076b700000,0x0000000771f80000,0x0000000771f80000)
  from space 6144K, 93% used [0x0000000774080000,0x0000000774616a78,0x0000000774680000)
  to   space 10752K, 0% used [0x0000000773180000,0x0000000773180000,0x0000000773c00000)
 ParOldGen       total 97280K, used 8879K [0x00000006c2400000, 0x00000006c8300000, 0x000000076b700000)
  object space 97280K, 9% used [0x00000006c2400000,0x00000006c2cabe30,0x00000006c8300000)
 Metaspace       used 33148K, capacity 35266K, committed 35456K, reserved 1079296K
  class space    used 4531K, capacity 4971K, committed 4992K, reserved 1048576K
Event: 1.924 GC heap after
Heap after GC invocations=6 (full 1):
 PSYoungGen      total 136192K, used 10726K [0x000000076b700000, 0x0000000777f00000, 0x00000007c0000000)
  eden space 125440K, 0% used [0x000000076b700000,0x000000076b700000,0x0000000773180000)
  from space 10752K, 99% used [0x0000000773180000,0x0000000773bf9b80,0x0000000773c00000)
  to   space 15872K, 0% used [0x0000000776f80000,0x0000000776f80000,0x0000000777f00000)
 ParOldGen       total 97280K, used 11874K [0x00000006c2400000, 0x00000006c8300000, 0x000000076b700000)
  object space 97280K, 12% used [0x00000006c2400000,0x00000006c2f989d8,0x00000006c8300000)
 Metaspace       used 33148K, capacity 35266K, committed 35456K, reserved 1079296K
  class space    used 4531K, capacity 4971K, committed 4992K, reserved 1048576K
}
Event: 1.927 GC heap before
{Heap before GC invocations=7 (full 1):
 PSYoungGen      total 136192K, used 18546K [0x000000076b700000, 0x0000000777f00000, 0x00000007c0000000)
  eden space 125440K, 6% used [0x000000076b700000,0x000000076bea2e70,0x0000000773180000)
  from space 10752K, 99% used [0x0000000773180000,0x0000000773bf9b80,0x0000000773c00000)
  to   space 15872K, 0% used [0x0000000776f80000,0x0000000776f80000,0x0000000777f00000)
 ParOldGen       total 97280K, used 11874K [0x00000006c2400000, 0x00000006c8300000, 0x000000076b700000)
  object space 97280K, 12% used [0x00000006c2400000,0x00000006c2f989d8,0x00000006c8300000)
 Metaspace       used 33357K, capacity 35426K, committed 35496K, reserved 1079296K
  class space    used 4561K, capacity 5003K, committed 5032K, reserved 1048576K
Event: 1.930 GC heap after
Heap after GC invocations=7 (full 1):
 PSYoungGen      total 189440K, used 7872K [0x000000076b700000, 0x000000077c000000, 0x00000007c0000000)
  eden space 173568K, 0% used [0x000000076b700000,0x000000076b700000,0x0000000776080000)
  from space 15872K, 49% used [0x0000000776f80000,0x0000000777730090,0x0000000777f00000)
  to   space 15360K, 0% used [0x0000000776080000,0x0000000776080000,0x0000000776f80000)
 ParOldGen       total 97280K, used 11882K [0x00000006c2400000, 0x00000006c8300000, 0x000000076b700000)
  object space 97280K, 12% used [0x00000006c2400000,0x00000006c2f9a9d8,0x00000006c8300000)
 Metaspace       used 33357K, capacity 35426K, committed 35496K, reserved 1079296K
  class space    used 4561K, capacity 5003K, committed 5032K, reserved 1048576K
}
Event: 1.930 GC heap before
{Heap before GC invocations=8 (full 2):
 PSYoungGen      total 189440K, used 7872K [0x000000076b700000, 0x000000077c000000, 0x00000007c0000000)
  eden space 173568K, 0% used [0x000000076b700000,0x000000076b700000,0x0000000776080000)
  from space 15872K, 49% used [0x0000000776f80000,0x0000000777730090,0x0000000777f00000)
  to   space 15360K, 0% used [0x0000000776080000,0x0000000776080000,0x0000000776f80000)
 ParOldGen       total 97280K, used 11882K [0x00000006c2400000, 0x00000006c8300000, 0x000000076b700000)
  object space 97280K, 12% used [0x00000006c2400000,0x00000006c2f9a9d8,0x00000006c8300000)
 Metaspace       used 33357K, capacity 35426K, committed 35496K, reserved 1079296K
  class space    used 4561K, capacity 5003K, committed 5032K, reserved 1048576K
Event: 1.972 GC heap after
Heap after GC invocations=8 (full 2):
 PSYoungGen      total 189440K, used 0K [0x000000076b700000, 0x000000077c000000, 0x00000007c0000000)
  eden space 173568K, 0% used [0x000000076b700000,0x000000076b700000,0x0000000776080000)
  from space 15872K, 0% used [0x0000000776f80000,0x0000000776f80000,0x0000000777f00000)
  to   space 15360K, 0% used [0x0000000776080000,0x0000000776080000,0x0000000776f80000)
 ParOldGen       total 120320K, used 14445K [0x00000006c2400000, 0x00000006c9980000, 0x000000076b700000)
  object space 120320K, 12% used [0x00000006c2400000,0x00000006c321b570,0x00000006c9980000)
 Metaspace       used 33357K, capacity 35426K, committed 35496K, reserved 1079296K
  class space    used 4561K, capacity 5003K, committed 5032K, reserved 1048576K
}
Event: 52.472 GC heap before
{Heap before GC invocations=9 (full 2):
 PSYoungGen      total 189440K, used 173568K [0x000000076b700000, 0x000000077c000000, 0x00000007c0000000)
  eden space 173568K, 100% used [0x000000076b700000,0x0000000776080000,0x0000000776080000)
  from space 15872K, 0% used [0x0000000776f80000,0x0000000776f80000,0x0000000777f00000)
  to   space 15360K, 0% used [0x0000000776080000,0x0000000776080000,0x0000000776f80000)
 ParOldGen       total 120320K, used 14445K [0x00000006c2400000, 0x00000006c9980000, 0x000000076b700000)
  object space 120320K, 12% used [0x00000006c2400000,0x00000006c321b570,0x00000006c9980000)
 Metaspace       used 46816K, capacity 49904K, committed 50088K, reserved 1091584K
  class space    used 6757K, capacity 7315K, committed 7336K, reserved 1048576K
Event: 52.482 GC heap after
Heap after GC invocations=9 (full 2):
 PSYoungGen      total 188928K, used 15334K [0x000000076b700000, 0x0000000780780000, 0x00000007c0000000)
  eden space 173568K, 0% used [0x000000076b700000,0x000000076b700000,0x0000000776080000)
  from space 15360K, 99% used [0x0000000776080000,0x0000000776f79b68,0x0000000776f80000)
  to   space 18432K, 0% used [0x000000077f580000,0x000000077f580000,0x0000000780780000)
 ParOldGen       total 120320K, used 15841K [0x00000006c2400000, 0x00000006c9980000, 0x000000076b700000)
  object space 120320K, 13% used [0x00000006c2400000,0x00000006c3378548,0x00000006c9980000)
 Metaspace       used 46816K, capacity 49904K, committed 50088K, reserved 1091584K
  class space    used 6757K, capacity 7315K, committed 7336K, reserved 1048576K
}

