# JRE version: Java(TM) SE Runtime Environment (8.0_351-b10) (build 1.8.0_351-b10)
# Java VM: Java HotSpot(TM) 64-Bit Server VM (25.351-b10 mixed mode windows-amd64 compressed oops)
Heap:
 PSYoungGen      total 184320K, used 17220K [0x000000076b700000, 0x000000077e200000, 0x00000007c0000000)
  eden space 168960K, 1% used [0x000000076b700000,0x000000076b8d44b0,0x0000000775c00000)
  from space 15360K, 99% used [0x0000000775c00000,0x0000000776afcec0,0x0000000776b00000)
  to   space 17920K, 0% used [0x000000077d080000,0x000000077d080000,0x000000077e200000)
 ParOldGen       total 134656K, used 16221K [0x00000006c2400000, 0x00000006ca780000, 0x000000076b700000)
  object space 134656K, 12% used [0x00000006c2400000,0x00000006c33d7630,0x00000006ca780000)
 Metaspace       used 47389K, capacity 50624K, committed 50816K, reserved 1093632K
  class space    used 6870K, capacity 7490K, committed 7552K, reserved 1048576K
GC Heap History (10 events):
Event: 1.384 GC heap before
{Heap before GC invocations=5 (full 1):
 PSYoungGen      total 75776K, used 65024K [0x000000076b700000, 0x0000000774b00000, 0x00000007c0000000)
  eden space 65024K, 100% used [0x000000076b700000,0x000000076f680000,0x000000076f680000)
  from space 10752K, 0% used [0x000000076f680000,0x000000076f680000,0x0000000770100000)
  to   space 10752K, 0% used [0x0000000774080000,0x0000000774080000,0x0000000774b00000)
 ParOldGen       total 98304K, used 8802K [0x00000006c2400000, 0x00000006c8400000, 0x000000076b700000)
  object space 98304K, 8% used [0x00000006c2400000,0x00000006c2c98be8,0x00000006c8400000)
 Metaspace       used 22763K, capacity 23878K, committed 24064K, reserved 1071104K
  class space    used 3067K, capacity 3299K, committed 3328K, reserved 1048576K
Event: 1.388 GC heap after
Heap after GC invocations=5 (full 1):
 PSYoungGen      total 112640K, used 5755K [0x000000076b700000, 0x0000000774680000, 0x00000007c0000000)
  eden space 106496K, 0% used [0x000000076b700000,0x000000076b700000,0x0000000771f00000)
  from space 6144K, 93% used [0x0000000774080000,0x000000077461efe0,0x0000000774680000)
  to   space 10752K, 0% used [0x0000000773180000,0x0000000773180000,0x0000000773c00000)
 ParOldGen       total 98304K, used 8810K [0x00000006c2400000, 0x00000006c8400000, 0x000000076b700000)
  object space 98304K, 8% used [0x00000006c2400000,0x00000006c2c9abe8,0x00000006c8400000)
 Metaspace       used 22763K, capacity 23878K, committed 24064K, reserved 1071104K
  class space    used 3067K, capacity 3299K, committed 3328K, reserved 1048576K
}
Event: 2.727 GC heap before
{Heap before GC invocations=6 (full 1):
 PSYoungGen      total 112640K, used 112251K [0x000000076b700000, 0x0000000774680000, 0x00000007c0000000)
  eden space 106496K, 100% used [0x000000076b700000,0x0000000771f00000,0x0000000771f00000)
  from space 6144K, 93% used [0x0000000774080000,0x000000077461efe0,0x0000000774680000)
  to   space 10752K, 0% used [0x0000000773180000,0x0000000773180000,0x0000000773c00000)
 ParOldGen       total 98304K, used 8810K [0x00000006c2400000, 0x00000006c8400000, 0x000000076b700000)
  object space 98304K, 8% used [0x00000006c2400000,0x00000006c2c9abe8,0x00000006c8400000)
 Metaspace       used 31737K, capacity 33782K, committed 34048K, reserved 1079296K
  class space    used 4609K, capacity 5045K, committed 5120K, reserved 1048576K
Event: 2.734 GC heap after
Heap after GC invocations=6 (full 1):
 PSYoungGen      total 136192K, used 10730K [0x000000076b700000, 0x0000000777a80000, 0x00000007c0000000)
  eden space 125440K, 0% used [0x000000076b700000,0x000000076b700000,0x0000000773180000)
  from space 10752K, 99% used [0x0000000773180000,0x0000000773bfabe8,0x0000000773c00000)
  to   space 15872K, 0% used [0x0000000776b00000,0x0000000776b00000,0x0000000777a80000)
 ParOldGen       total 98304K, used 11428K [0x00000006c2400000, 0x00000006c8400000, 0x000000076b700000)
  object space 98304K, 11% used [0x00000006c2400000,0x00000006c2f292b8,0x00000006c8400000)
 Metaspace       used 31737K, capacity 33782K, committed 34048K, reserved 1079296K
  class space    used 4609K, capacity 5045K, committed 5120K, reserved 1048576K
}
Event: 2.782 GC heap before
{Heap before GC invocations=7 (full 1):
 PSYoungGen      total 136192K, used 28241K [0x000000076b700000, 0x0000000777a80000, 0x00000007c0000000)
  eden space 125440K, 13% used [0x000000076b700000,0x000000076c8198a8,0x0000000773180000)
  from space 10752K, 99% used [0x0000000773180000,0x0000000773bfabe8,0x0000000773c00000)
  to   space 15872K, 0% used [0x0000000776b00000,0x0000000776b00000,0x0000000777a80000)
 ParOldGen       total 98304K, used 11428K [0x00000006c2400000, 0x00000006c8400000, 0x000000076b700000)
  object space 98304K, 11% used [0x00000006c2400000,0x00000006c2f292b8,0x00000006c8400000)
 Metaspace       used 33294K, capacity 35410K, committed 35456K, reserved 1079296K
  class space    used 4813K, capacity 5241K, committed 5248K, reserved 1048576K
Event: 2.787 GC heap after
Heap after GC invocations=7 (full 1):
 PSYoungGen      total 184832K, used 8998K [0x000000076b700000, 0x000000077a700000, 0x00000007c0000000)
  eden space 168960K, 0% used [0x000000076b700000,0x000000076b700000,0x0000000775c00000)
  from space 15872K, 56% used [0x0000000776b00000,0x00000007773c9b70,0x0000000777a80000)
  to   space 15360K, 0% used [0x0000000775c00000,0x0000000775c00000,0x0000000776b00000)
 ParOldGen       total 98304K, used 11436K [0x00000006c2400000, 0x00000006c8400000, 0x000000076b700000)
  object space 98304K, 11% used [0x00000006c2400000,0x00000006c2f2b2b8,0x00000006c8400000)
 Metaspace       used 33294K, capacity 35410K, committed 35456K, reserved 1079296K
  class space    used 4813K, capacity 5241K, committed 5248K, reserved 1048576K
}
Event: 2.787 GC heap before
{Heap before GC invocations=8 (full 2):
 PSYoungGen      total 184832K, used 8998K [0x000000076b700000, 0x000000077a700000, 0x00000007c0000000)
  eden space 168960K, 0% used [0x000000076b700000,0x000000076b700000,0x0000000775c00000)
  from space 15872K, 56% used [0x0000000776b00000,0x00000007773c9b70,0x0000000777a80000)
  to   space 15360K, 0% used [0x0000000775c00000,0x0000000775c00000,0x0000000776b00000)
 ParOldGen       total 98304K, used 11436K [0x00000006c2400000, 0x00000006c8400000, 0x000000076b700000)
  object space 98304K, 11% used [0x00000006c2400000,0x00000006c2f2b2b8,0x00000006c8400000)
 Metaspace       used 33294K, capacity 35410K, committed 35456K, reserved 1079296K
  class space    used 4813K, capacity 5241K, committed 5248K, reserved 1048576K
Event: 2.824 GC heap after
Heap after GC invocations=8 (full 2):
 PSYoungGen      total 184832K, used 0K [0x000000076b700000, 0x000000077a700000, 0x00000007c0000000)
  eden space 168960K, 0% used [0x000000076b700000,0x000000076b700000,0x0000000775c00000)
  from space 15872K, 0% used [0x0000000776b00000,0x0000000776b00000,0x0000000777a80000)
  to   space 15360K, 0% used [0x0000000775c00000,0x0000000775c00000,0x0000000776b00000)
 ParOldGen       total 134656K, used 15414K [0x00000006c2400000, 0x00000006ca780000, 0x000000076b700000)
  object space 134656K, 11% used [0x00000006c2400000,0x00000006c330d828,0x00000006ca780000)
 Metaspace       used 33294K, capacity 35410K, committed 35456K, reserved 1079296K
  class space    used 4813K, capacity 5241K, committed 5248K, reserved 1048576K
}
Event: 131.225 GC heap before
{Heap before GC invocations=9 (full 2):
 PSYoungGen      total 184832K, used 168960K [0x000000076b700000, 0x000000077a700000, 0x00000007c0000000)
  eden space 168960K, 100% used [0x000000076b700000,0x0000000775c00000,0x0000000775c00000)
  from space 15872K, 0% used [0x0000000776b00000,0x0000000776b00000,0x0000000777a80000)
  to   space 15360K, 0% used [0x0000000775c00000,0x0000000775c00000,0x0000000776b00000)
 ParOldGen       total 134656K, used 15414K [0x00000006c2400000, 0x00000006ca780000, 0x000000076b700000)
  object space 134656K, 11% used [0x00000006c2400000,0x00000006c330d828,0x00000006ca780000)
 Metaspace       used 47385K, capacity 50622K, committed 50816K, reserved 1093632K
  class space    used 6869K, capacity 7489K, committed 7552K, reserved 1048576K
Event: 131.235 GC heap after
Heap after GC invocations=9 (full 2):
 PSYoungGen      total 184320K, used 15347K [0x000000076b700000, 0x000000077e200000, 0x00000007c0000000)
  eden space 168960K, 0% used [0x000000076b700000,0x000000076b700000,0x0000000775c00000)
  from space 15360K, 99% used [0x0000000775c00000,0x0000000776afcec0,0x0000000776b00000)
  to   space 17920K, 0% used [0x000000077d080000,0x000000077d080000,0x000000077e200000)
 ParOldGen       total 134656K, used 16221K [0x00000006c2400000, 0x00000006ca780000, 0x000000076b700000)
  object space 134656K, 12% used [0x00000006c2400000,0x00000006c33d7630,0x00000006ca780000)
 Metaspace       used 47385K, capacity 50622K, committed 50816K, reserved 1093632K
  class space    used 6869K, capacity 7489K, committed 7552K, reserved 1048576K
}

